<?xml version="1.0" encoding="UTF-8"?>
<testsuite xmlns:xsi="http://www.w3.org/2001/XMLSchema-instance" xsi:noNamespaceSchemaLocation="https://maven.apache.org/surefire/maven-surefire-plugin/xsd/surefire-test-report-3.0.xsd" version="3.0" name="com.celonis.challenge.controllers.SecurityAndValidationTest" time="0.042" tests="2" errors="0" skipped="0" failures="0">
  <properties>
[...]
</properties>
  <testcase name="validationErrorReturns400Json" classname="com.celonis.challenge.controllers.SecurityAndValidationTest" time="0.026">
    <system-out><![CDATA[2025-09-09 13:34:14.963  INFO 6808 --- [           main] .b.t.c.SpringBootTestContextBootstrapper : Neither @ContextConfiguration nor @ContextHierarchy found for test class [com.celonis.challenge.controllers.SecurityAndValidationTest], using SpringBootContextLoader
2025-09-09 13:34:14.964  INFO 6808 --- [           main] o.s.t.c.support.AbstractContextLoader    : Could not detect default resource locations for test class [com.celonis.challenge.controllers.SecurityAndValidationTest]: no resource found for suffixes {-context.xml, Context.groovy}.
2025-09-09 13:34:14.964  INFO 6808 --- [           main] t.c.s.AnnotationConfigContextLoaderUtils : Could not detect default configuration classes for test class [com.celonis.challenge.controllers.SecurityAndValidationTest]: SecurityAndValidationTest does not declare any static, non-private, non-final, nested classes annotated with @Configuration.
2025-09-09 13:34:14.966  INFO 6808 --- [           main] .b.t.c.SpringBootTestContextBootstrapper : Found @SpringBootConfiguration com.celonis.challenge.ChallengeApplication for test class com.celonis.challenge.controllers.SecurityAndValidationTest
2025-09-09 13:34:14.967  INFO 6808 --- [           main] .b.t.c.SpringBootTestContextBootstrapper : Loaded default TestExecutionListener class names from location [META-INF/spring.factories]: [org.springframework.boot.test.mock.mockito.MockitoTestExecutionListener, org.springframework.boot.test.mock.mockito.ResetMocksTestExecutionListener, org.springframework.boot.test.autoconfigure.restdocs.RestDocsTestExecutionListener, org.springframework.boot.test.autoconfigure.web.client.MockRestServiceServerResetTestExecutionListener, org.springframework.boot.test.autoconfigure.web.servlet.MockMvcPrintOnlyOnFailureTestExecutionListener, org.springframework.boot.test.autoconfigure.web.servlet.WebDriverTestExecutionListener, org.springframework.test.context.web.ServletTestExecutionListener, org.springframework.test.context.support.DirtiesContextBeforeModesTestExecutionListener, org.springframework.test.context.support.DependencyInjectionTestExecutionListener, org.springframework.test.context.support.DirtiesContextTestExecutionListener, org.springframework.test.context.transaction.TransactionalTestExecutionListener, org.springframework.test.context.jdbc.SqlScriptsTestExecutionListener, org.springframework.test.context.event.EventPublishingTestExecutionListener]
2025-09-09 13:34:14.967  INFO 6808 --- [           main] .b.t.c.SpringBootTestContextBootstrapper : Using TestExecutionListeners: [org.springframework.test.context.web.ServletTestExecutionListener@7a2b3cfd, org.springframework.test.context.support.DirtiesContextBeforeModesTestExecutionListener@33602729, org.springframework.boot.test.mock.mockito.MockitoTestExecutionListener@3638120f, org.springframework.boot.test.autoconfigure.SpringBootDependencyInjectionTestExecutionListener@7bf3bf2e, org.springframework.test.context.support.DirtiesContextTestExecutionListener@581cb879, org.springframework.test.context.transaction.TransactionalTestExecutionListener@6a77953c, org.springframework.test.context.jdbc.SqlScriptsTestExecutionListener@1c294a17, org.springframework.test.context.event.EventPublishingTestExecutionListener@7a458c73, org.springframework.boot.test.mock.mockito.ResetMocksTestExecutionListener@47a72c32, org.springframework.boot.test.autoconfigure.restdocs.RestDocsTestExecutionListener@112f8f8f, org.springframework.boot.test.autoconfigure.web.client.MockRestServiceServerResetTestExecutionListener@4700064f, org.springframework.boot.test.autoconfigure.web.servlet.MockMvcPrintOnlyOnFailureTestExecutionListener@11703cc8, org.springframework.boot.test.autoconfigure.web.servlet.WebDriverTestExecutionListener@6fc84468]
]]></system-out>
  </testcase>
  <testcase name="missingAuthHeaderReturns401" classname="com.celonis.challenge.controllers.SecurityAndValidationTest" time="0.006"/>
</testsuite>