<?xml version="1.0" encoding="UTF-8"?>
<testsuite xmlns:xsi="http://www.w3.org/2001/XMLSchema-instance" xsi:noNamespaceSchemaLocation="https://maven.apache.org/surefire/maven-surefire-plugin/xsd/surefire-test-report-3.0.xsd" version="3.0" name="com.celonis.challenge.actuator.HealthEndpointTest" time="10.461" tests="1" errors="0" skipped="0" failures="0">
  <properties>
[...]
</properties>
  <testcase name="healthIsUp" classname="com.celonis.challenge.actuator.HealthEndpointTest" time="0.221">
    <system-out><![CDATA[13:34:04.406 [main] DEBUG org.springframework.test.context.BootstrapUtils - Instantiating CacheAwareContextLoaderDelegate from class [org.springframework.test.context.cache.DefaultCacheAwareContextLoaderDelegate]
13:34:04.419 [main] DEBUG org.springframework.test.context.BootstrapUtils - Instantiating BootstrapContext using constructor [public org.springframework.test.context.support.DefaultBootstrapContext(java.lang.Class,org.springframework.test.context.CacheAwareContextLoaderDelegate)]
13:34:04.449 [main] DEBUG org.springframework.test.context.BootstrapUtils - Instantiating TestContextBootstrapper for test class [com.celonis.challenge.actuator.HealthEndpointTest] from class [org.springframework.boot.test.context.SpringBootTestContextBootstrapper]
13:34:04.463 [main] INFO org.springframework.boot.test.context.SpringBootTestContextBootstrapper - Neither @ContextConfiguration nor @ContextHierarchy found for test class [com.celonis.challenge.actuator.HealthEndpointTest], using SpringBootContextLoader
13:34:04.467 [main] DEBUG org.springframework.test.context.support.AbstractContextLoader - Did not detect default resource location for test class [com.celonis.challenge.actuator.HealthEndpointTest]: class path resource [com/celonis/challenge/actuator/HealthEndpointTest-context.xml] does not exist
13:34:04.468 [main] DEBUG org.springframework.test.context.support.AbstractContextLoader - Did not detect default resource location for test class [com.celonis.challenge.actuator.HealthEndpointTest]: class path resource [com/celonis/challenge/actuator/HealthEndpointTestContext.groovy] does not exist
13:34:04.468 [main] INFO org.springframework.test.context.support.AbstractContextLoader - Could not detect default resource locations for test class [com.celonis.challenge.actuator.HealthEndpointTest]: no resource found for suffixes {-context.xml, Context.groovy}.
13:34:04.469 [main] INFO org.springframework.test.context.support.AnnotationConfigContextLoaderUtils - Could not detect default configuration classes for test class [com.celonis.challenge.actuator.HealthEndpointTest]: HealthEndpointTest does not declare any static, non-private, non-final, nested classes annotated with @Configuration.
13:34:04.627 [main] DEBUG org.springframework.test.context.support.ActiveProfilesUtils - Could not find an 'annotation declaring class' for annotation type [org.springframework.test.context.ActiveProfiles] and class [com.celonis.challenge.actuator.HealthEndpointTest]
13:34:04.701 [main] DEBUG org.springframework.context.annotation.ClassPathScanningCandidateComponentProvider - Identified candidate component class: file [/Users/ajayvijendra/Downloads/celonis_code/target/classes/com/celonis/challenge/ChallengeApplication.class]
13:34:04.702 [main] INFO org.springframework.boot.test.context.SpringBootTestContextBootstrapper - Found @SpringBootConfiguration com.celonis.challenge.ChallengeApplication for test class com.celonis.challenge.actuator.HealthEndpointTest
13:34:04.788 [main] DEBUG org.springframework.boot.test.context.SpringBootTestContextBootstrapper - @TestExecutionListeners is not present for class [com.celonis.challenge.actuator.HealthEndpointTest]: using defaults.
13:34:04.789 [main] INFO org.springframework.boot.test.context.SpringBootTestContextBootstrapper - Loaded default TestExecutionListener class names from location [META-INF/spring.factories]: [org.springframework.boot.test.mock.mockito.MockitoTestExecutionListener, org.springframework.boot.test.mock.mockito.ResetMocksTestExecutionListener, org.springframework.boot.test.autoconfigure.restdocs.RestDocsTestExecutionListener, org.springframework.boot.test.autoconfigure.web.client.MockRestServiceServerResetTestExecutionListener, org.springframework.boot.test.autoconfigure.web.servlet.MockMvcPrintOnlyOnFailureTestExecutionListener, org.springframework.boot.test.autoconfigure.web.servlet.WebDriverTestExecutionListener, org.springframework.test.context.web.ServletTestExecutionListener, org.springframework.test.context.support.DirtiesContextBeforeModesTestExecutionListener, org.springframework.test.context.support.DependencyInjectionTestExecutionListener, org.springframework.test.context.support.DirtiesContextTestExecutionListener, org.springframework.test.context.transaction.TransactionalTestExecutionListener, org.springframework.test.context.jdbc.SqlScriptsTestExecutionListener, org.springframework.test.context.event.EventPublishingTestExecutionListener]
13:34:04.806 [main] INFO org.springframework.boot.test.context.SpringBootTestContextBootstrapper - Using TestExecutionListeners: [org.springframework.test.context.web.ServletTestExecutionListener@5bfa8cc5, org.springframework.test.context.support.DirtiesContextBeforeModesTestExecutionListener@666b83a4, org.springframework.boot.test.mock.mockito.MockitoTestExecutionListener@749c877b, org.springframework.boot.test.autoconfigure.SpringBootDependencyInjectionTestExecutionListener@efde75f, org.springframework.test.context.support.DirtiesContextTestExecutionListener@16ecee1, org.springframework.test.context.transaction.TransactionalTestExecutionListener@3b220bcb, org.springframework.test.context.jdbc.SqlScriptsTestExecutionListener@2b95e48b, org.springframework.test.context.event.EventPublishingTestExecutionListener@4a3329b9, org.springframework.boot.test.mock.mockito.ResetMocksTestExecutionListener@3dddefd8, org.springframework.boot.test.autoconfigure.restdocs.RestDocsTestExecutionListener@160ac7fb, org.springframework.boot.test.autoconfigure.web.client.MockRestServiceServerResetTestExecutionListener@12bfd80d, org.springframework.boot.test.autoconfigure.web.servlet.MockMvcPrintOnlyOnFailureTestExecutionListener@41925502, org.springframework.boot.test.autoconfigure.web.servlet.WebDriverTestExecutionListener@13e3c1c7]
13:34:04.808 [main] DEBUG org.springframework.test.context.support.AbstractDirtiesContextTestExecutionListener - Before test class: context [DefaultTestContext@5b11a194 testClass = HealthEndpointTest, testInstance = [null], testMethod = [null], testException = [null], mergedContextConfiguration = [WebMergedContextConfiguration@37bd68c3 testClass = HealthEndpointTest, locations = '{}', classes = '{class com.celonis.challenge.ChallengeApplication}', contextInitializerClasses = '[]', activeProfiles = '{}', propertySourceLocations = '{}', propertySourceProperties = '{org.springframework.boot.test.context.SpringBootTestContextBootstrapper=true}', contextCustomizers = set[[ImportsContextCustomizer@60f7cc1d key = [org.springframework.boot.test.autoconfigure.web.servlet.MockMvcAutoConfiguration, org.springframework.boot.test.autoconfigure.web.servlet.MockMvcWebClientAutoConfiguration, org.springframework.boot.test.autoconfigure.web.servlet.MockMvcWebDriverAutoConfiguration, org.springframework.boot.autoconfigure.security.servlet.SecurityAutoConfiguration, org.springframework.boot.autoconfigure.security.servlet.UserDetailsServiceAutoConfiguration, org.springframework.boot.test.autoconfigure.web.servlet.MockMvcSecurityConfiguration]], org.springframework.boot.test.context.filter.ExcludeFilterContextCustomizer@58ce9668, org.springframework.boot.test.json.DuplicateJsonObjectContextCustomizerFactory$DuplicateJsonObjectContextCustomizer@2796aeae, org.springframework.boot.test.mock.mockito.MockitoContextCustomizer@0, org.springframework.boot.test.web.client.TestRestTemplateContextCustomizer@27216cd, org.springframework.boot.test.autoconfigure.properties.PropertyMappingContextCustomizer@4b3fa0b3, org.springframework.boot.test.autoconfigure.web.servlet.WebDriverContextCustomizerFactory$Customizer@60856961], resourceBasePath = 'src/main/webapp', contextLoader = 'org.springframework.boot.test.context.SpringBootContextLoader', parent = [null]], attributes = map['org.springframework.test.context.web.ServletTestExecutionListener.activateListener' -> true]], class annotated with @DirtiesContext [false] with mode [null].
13:34:04.839 [main] DEBUG org.springframework.test.context.support.TestPropertySourceUtils - Adding inlined properties to environment: {spring.jmx.enabled=false, org.springframework.boot.test.context.SpringBootTestContextBootstrapper=true, server.port=-1}

  .   ____          _            __ _ _
 /\\ / ___'_ __ _ _(_)_ __  __ _ \ \ \ \
( ( )\___ | '_ | '_| | '_ \/ _` | \ \ \ \
 \\/  ___)| |_)| | | | | || (_| |  ) ) ) )
  '  |____| .__|_| |_|_| |_\__, | / / / /
 =========|_|==============|___/=/_/_/_/
 :: Spring Boot ::        (v2.2.5.RELEASE)

2025-09-09 13:34:10.098  INFO 6808 --- [           main] c.c.c.actuator.HealthEndpointTest        : Starting HealthEndpointTest on Ajays-MacBook-Pro.local with PID 6808 (started by ajayvijendra in /Users/ajayvijendra/Downloads/celonis_code)
2025-09-09 13:34:10.100  INFO 6808 --- [           main] c.c.c.actuator.HealthEndpointTest        : No active profile set, falling back to default profiles: default
2025-09-09 13:34:11.009  INFO 6808 --- [           main] .s.d.r.c.RepositoryConfigurationDelegate : Bootstrapping Spring Data JPA repositories in DEFAULT mode.
2025-09-09 13:34:11.075  INFO 6808 --- [           main] .s.d.r.c.RepositoryConfigurationDelegate : Finished Spring Data repository scanning in 57ms. Found 1 JPA repository interfaces.
2025-09-09 13:34:11.665  INFO 6808 --- [           main] com.zaxxer.hikari.HikariDataSource       : HikariPool-1 - Starting...
2025-09-09 13:34:11.863  INFO 6808 --- [           main] com.zaxxer.hikari.HikariDataSource       : HikariPool-1 - Start completed.
2025-09-09 13:34:11.923  INFO 6808 --- [           main] o.hibernate.jpa.internal.util.LogHelper  : HHH000204: Processing PersistenceUnitInfo [name: default]
2025-09-09 13:34:12.009  INFO 6808 --- [           main] org.hibernate.Version                    : HHH000412: Hibernate ORM core version 5.4.12.Final
2025-09-09 13:34:12.182  INFO 6808 --- [           main] o.hibernate.annotations.common.Version   : HCANN000001: Hibernate Commons Annotations {5.1.0.Final}
2025-09-09 13:34:12.297  INFO 6808 --- [           main] org.hibernate.dialect.Dialect            : HHH000400: Using dialect: org.hibernate.dialect.H2Dialect
2025-09-09 13:34:12.918  INFO 6808 --- [           main] o.h.e.t.j.p.i.JtaPlatformInitiator       : HHH000490: Using JtaPlatform implementation: [org.hibernate.engine.transaction.jta.platform.internal.NoJtaPlatform]
2025-09-09 13:34:12.924  INFO 6808 --- [           main] j.LocalContainerEntityManagerFactoryBean : Initialized JPA EntityManagerFactory for persistence unit 'default'
2025-09-09 13:34:14.304  INFO 6808 --- [           main] o.s.s.c.ThreadPoolTaskScheduler          : Initializing ExecutorService 'taskScheduler'
2025-09-09 13:34:14.334  INFO 6808 --- [           main] o.s.b.t.m.w.SpringBootMockServletContext : Initializing Spring TestDispatcherServlet ''
2025-09-09 13:34:14.335  INFO 6808 --- [           main] o.s.t.web.servlet.TestDispatcherServlet  : Initializing Servlet ''
2025-09-09 13:34:14.345  INFO 6808 --- [           main] o.s.b.a.e.web.EndpointLinksResolver      : Exposing 4 endpoint(s) beneath base path '/actuator'
2025-09-09 13:34:14.372  INFO 6808 --- [           main] o.s.t.web.servlet.TestDispatcherServlet  : Completed initialization in 37 ms
2025-09-09 13:34:14.404  INFO 6808 --- [           main] c.c.c.actuator.HealthEndpointTest        : Started HealthEndpointTest in 9.558 seconds (JVM running for 10.665)
]]></system-out>
  </testcase>
</testsuite>