<?xml version="1.0" encoding="UTF-8"?>
<testsuite xmlns:xsi="http://www.w3.org/2001/XMLSchema-instance" xsi:noNamespaceSchemaLocation="https://maven.apache.org/surefire/maven-surefire-plugin/xsd/surefire-test-report-3.0.xsd" version="3.0" name="com.celonis.challenge.services.TaskServiceTest" time="2.934" tests="2" errors="0" skipped="0" failures="0">
  <properties>
[...]
</properties>
  <testcase name="counterTaskCancels" classname="com.celonis.challenge.services.TaskServiceTest" time="0.182">
    <system-out><![CDATA[2025-09-09 00:38:04.635  INFO 15660 --- [           main] .b.t.c.SpringBootTestContextBootstrapper : Neither @ContextConfiguration nor @ContextHierarchy found for test class [com.celonis.challenge.services.TaskServiceTest], using SpringBootContextLoader
2025-09-09 00:38:04.636  INFO 15660 --- [           main] o.s.t.c.support.AbstractContextLoader    : Could not detect default resource locations for test class [com.celonis.challenge.services.TaskServiceTest]: no resource found for suffixes {-context.xml, Context.groovy}.
2025-09-09 00:38:04.636  INFO 15660 --- [           main] t.c.s.AnnotationConfigContextLoaderUtils : Could not detect default configuration classes for test class [com.celonis.challenge.services.TaskServiceTest]: TaskServiceTest does not declare any static, non-private, non-final, nested classes annotated with @Configuration.
2025-09-09 00:38:04.644  INFO 15660 --- [           main] .b.t.c.SpringBootTestContextBootstrapper : Found @SpringBootConfiguration com.celonis.challenge.ChallengeApplication for test class com.celonis.challenge.services.TaskServiceTest
2025-09-09 00:38:04.646  INFO 15660 --- [           main] .b.t.c.SpringBootTestContextBootstrapper : Loaded default TestExecutionListener class names from location [META-INF/spring.factories]: [org.springframework.boot.test.mock.mockito.MockitoTestExecutionListener, org.springframework.boot.test.mock.mockito.ResetMocksTestExecutionListener, org.springframework.boot.test.autoconfigure.restdocs.RestDocsTestExecutionListener, org.springframework.boot.test.autoconfigure.web.client.MockRestServiceServerResetTestExecutionListener, org.springframework.boot.test.autoconfigure.web.servlet.MockMvcPrintOnlyOnFailureTestExecutionListener, org.springframework.boot.test.autoconfigure.web.servlet.WebDriverTestExecutionListener, org.springframework.test.context.web.ServletTestExecutionListener, org.springframework.test.context.support.DirtiesContextBeforeModesTestExecutionListener, org.springframework.test.context.support.DependencyInjectionTestExecutionListener, org.springframework.test.context.support.DirtiesContextTestExecutionListener, org.springframework.test.context.transaction.TransactionalTestExecutionListener, org.springframework.test.context.jdbc.SqlScriptsTestExecutionListener, org.springframework.test.context.event.EventPublishingTestExecutionListener]
2025-09-09 00:38:04.646  INFO 15660 --- [           main] .b.t.c.SpringBootTestContextBootstrapper : Using TestExecutionListeners: [org.springframework.test.context.web.ServletTestExecutionListener@cc91fe3, org.springframework.test.context.support.DirtiesContextBeforeModesTestExecutionListener@481c1e92, org.springframework.boot.test.mock.mockito.MockitoTestExecutionListener@66f223fa, org.springframework.boot.test.autoconfigure.SpringBootDependencyInjectionTestExecutionListener@7ac47f14, org.springframework.test.context.support.DirtiesContextTestExecutionListener@3eb641a8, org.springframework.test.context.transaction.TransactionalTestExecutionListener@16f62062, org.springframework.test.context.jdbc.SqlScriptsTestExecutionListener@61ec2cb5, org.springframework.test.context.event.EventPublishingTestExecutionListener@3889c343, org.springframework.boot.test.mock.mockito.ResetMocksTestExecutionListener@34be7efb, org.springframework.boot.test.autoconfigure.restdocs.RestDocsTestExecutionListener@136cad3e, org.springframework.boot.test.autoconfigure.web.client.MockRestServiceServerResetTestExecutionListener@13e5b262, org.springframework.boot.test.autoconfigure.web.servlet.MockMvcPrintOnlyOnFailureTestExecutionListener@6500e886, org.springframework.boot.test.autoconfigure.web.servlet.WebDriverTestExecutionListener@220e1b7b]

  .   ____          _            __ _ _
 /\\ / ___'_ __ _ _(_)_ __  __ _ \ \ \ \
( ( )\___ | '_ | '_| | '_ \/ _` | \ \ \ \
 \\/  ___)| |_)| | | | | || (_| |  ) ) ) )
  '  |____| .__|_| |_|_| |_\__, | / / / /
 =========|_|==============|___/=/_/_/_/
 :: Spring Boot ::        (v2.2.5.RELEASE)

2025-09-09 00:38:04.665  INFO 15660 --- [           main] c.c.challenge.services.TaskServiceTest   : Starting TaskServiceTest on Ajays-MacBook-Pro.local with PID 15660 (started by ajayvijendra in /Users/ajayvijendra/Downloads/celonis_code)
2025-09-09 00:38:04.665  INFO 15660 --- [           main] c.c.challenge.services.TaskServiceTest   : The following profiles are active: test
2025-09-09 00:38:04.779  INFO 15660 --- [           main] .s.d.r.c.RepositoryConfigurationDelegate : Bootstrapping Spring Data JPA repositories in DEFAULT mode.
2025-09-09 00:38:04.787  INFO 15660 --- [           main] .s.d.r.c.RepositoryConfigurationDelegate : Finished Spring Data repository scanning in 7ms. Found 1 JPA repository interfaces.
2025-09-09 00:38:04.892  INFO 15660 --- [           main] com.zaxxer.hikari.HikariDataSource       : HikariPool-2 - Starting...
2025-09-09 00:38:04.893  INFO 15660 --- [           main] com.zaxxer.hikari.HikariDataSource       : HikariPool-2 - Start completed.
2025-09-09 00:38:04.903  INFO 15660 --- [           main] o.hibernate.jpa.internal.util.LogHelper  : HHH000204: Processing PersistenceUnitInfo [name: default]
2025-09-09 00:38:04.906  INFO 15660 --- [           main] org.hibernate.dialect.Dialect            : HHH000400: Using dialect: org.hibernate.dialect.H2Dialect
2025-09-09 00:38:04.942  INFO 15660 --- [           main] o.h.e.t.j.p.i.JtaPlatformInitiator       : HHH000490: Using JtaPlatform implementation: [org.hibernate.engine.transaction.jta.platform.internal.NoJtaPlatform]
2025-09-09 00:38:04.943  INFO 15660 --- [           main] j.LocalContainerEntityManagerFactoryBean : Initialized JPA EntityManagerFactory for persistence unit 'default'
2025-09-09 00:38:04.996  WARN 15660 --- [           main] JpaBaseConfiguration$JpaWebConfiguration : spring.jpa.open-in-view is enabled by default. Therefore, database queries may be performed during view rendering. Explicitly configure spring.jpa.open-in-view to disable this warning
2025-09-09 00:38:05.227  INFO 15660 --- [           main] o.s.s.c.ThreadPoolTaskScheduler          : Initializing ExecutorService 'taskScheduler'
2025-09-09 00:38:05.249  INFO 15660 --- [           main] c.c.challenge.services.TaskServiceTest   : Started TaskServiceTest in 0.597 seconds (JVM running for 10.424)
]]></system-out>
  </testcase>
  <testcase name="counterTaskCompletes" classname="com.celonis.challenge.services.TaskServiceTest" time="2.129"/>
</testsuite>