<?xml version="1.0" encoding="UTF-8"?>
<testsuite xmlns:xsi="http://www.w3.org/2001/XMLSchema-instance" xsi:noNamespaceSchemaLocation="https://maven.apache.org/surefire/maven-surefire-plugin/xsd/surefire-test-report-3.0.xsd" version="3.0" name="com.celonis.challenge.services.TaskServiceTest" time="8.254" tests="2" errors="0" skipped="0" failures="0">
  <properties>
[...]
</properties>
  <testcase name="counterTaskCancels" classname="com.celonis.challenge.services.TaskServiceTest" time="0.18">
    <system-out><![CDATA[2025-09-09 13:34:15.006  INFO 6808 --- [           main] .b.t.c.SpringBootTestContextBootstrapper : Neither @ContextConfiguration nor @ContextHierarchy found for test class [com.celonis.challenge.services.TaskServiceTest], using SpringBootContextLoader
2025-09-09 13:34:15.007  INFO 6808 --- [           main] o.s.t.c.support.AbstractContextLoader    : Could not detect default resource locations for test class [com.celonis.challenge.services.TaskServiceTest]: no resource found for suffixes {-context.xml, Context.groovy}.
2025-09-09 13:34:15.007  INFO 6808 --- [           main] t.c.s.AnnotationConfigContextLoaderUtils : Could not detect default configuration classes for test class [com.celonis.challenge.services.TaskServiceTest]: TaskServiceTest does not declare any static, non-private, non-final, nested classes annotated with @Configuration.
2025-09-09 13:34:15.016  INFO 6808 --- [           main] .b.t.c.SpringBootTestContextBootstrapper : Found @SpringBootConfiguration com.celonis.challenge.ChallengeApplication for test class com.celonis.challenge.services.TaskServiceTest
2025-09-09 13:34:15.017  INFO 6808 --- [           main] .b.t.c.SpringBootTestContextBootstrapper : Loaded default TestExecutionListener class names from location [META-INF/spring.factories]: [org.springframework.boot.test.mock.mockito.MockitoTestExecutionListener, org.springframework.boot.test.mock.mockito.ResetMocksTestExecutionListener, org.springframework.boot.test.autoconfigure.restdocs.RestDocsTestExecutionListener, org.springframework.boot.test.autoconfigure.web.client.MockRestServiceServerResetTestExecutionListener, org.springframework.boot.test.autoconfigure.web.servlet.MockMvcPrintOnlyOnFailureTestExecutionListener, org.springframework.boot.test.autoconfigure.web.servlet.WebDriverTestExecutionListener, org.springframework.test.context.web.ServletTestExecutionListener, org.springframework.test.context.support.DirtiesContextBeforeModesTestExecutionListener, org.springframework.test.context.support.DependencyInjectionTestExecutionListener, org.springframework.test.context.support.DirtiesContextTestExecutionListener, org.springframework.test.context.transaction.TransactionalTestExecutionListener, org.springframework.test.context.jdbc.SqlScriptsTestExecutionListener, org.springframework.test.context.event.EventPublishingTestExecutionListener]
2025-09-09 13:34:15.018  INFO 6808 --- [           main] .b.t.c.SpringBootTestContextBootstrapper : Using TestExecutionListeners: [org.springframework.test.context.web.ServletTestExecutionListener@7479cdf7, org.springframework.test.context.support.DirtiesContextBeforeModesTestExecutionListener@71852f76, org.springframework.boot.test.mock.mockito.MockitoTestExecutionListener@308f18c0, org.springframework.boot.test.autoconfigure.SpringBootDependencyInjectionTestExecutionListener@7d44e3c7, org.springframework.test.context.support.DirtiesContextTestExecutionListener@47e89fed, org.springframework.test.context.transaction.TransactionalTestExecutionListener@1fcef6f9, org.springframework.test.context.jdbc.SqlScriptsTestExecutionListener@57cfb4d8, org.springframework.test.context.event.EventPublishingTestExecutionListener@d4f2f3d, org.springframework.boot.test.mock.mockito.ResetMocksTestExecutionListener@e5bce8e, org.springframework.boot.test.autoconfigure.restdocs.RestDocsTestExecutionListener@66ca8882, org.springframework.boot.test.autoconfigure.web.client.MockRestServiceServerResetTestExecutionListener@4c0989f7, org.springframework.boot.test.autoconfigure.web.servlet.MockMvcPrintOnlyOnFailureTestExecutionListener@384b718c, org.springframework.boot.test.autoconfigure.web.servlet.WebDriverTestExecutionListener@68b4e7b5]

  .   ____          _            __ _ _
 /\\ / ___'_ __ _ _(_)_ __  __ _ \ \ \ \
( ( )\___ | '_ | '_| | '_ \/ _` | \ \ \ \
 \\/  ___)| |_)| | | | | || (_| |  ) ) ) )
  '  |____| .__|_| |_|_| |_\__, | / / / /
 =========|_|==============|___/=/_/_/_/
 :: Spring Boot ::        (v2.2.5.RELEASE)

2025-09-09 13:34:20.040  INFO 6808 --- [           main] c.c.challenge.services.TaskServiceTest   : Starting TaskServiceTest on Ajays-MacBook-Pro.local with PID 6808 (started by ajayvijendra in /Users/ajayvijendra/Downloads/celonis_code)
2025-09-09 13:34:20.041  INFO 6808 --- [           main] c.c.challenge.services.TaskServiceTest   : The following profiles are active: test
2025-09-09 13:34:20.275  INFO 6808 --- [           main] .s.d.r.c.RepositoryConfigurationDelegate : Bootstrapping Spring Data JPA repositories in DEFAULT mode.
2025-09-09 13:34:20.284  INFO 6808 --- [           main] .s.d.r.c.RepositoryConfigurationDelegate : Finished Spring Data repository scanning in 8ms. Found 1 JPA repository interfaces.
2025-09-09 13:34:20.384  INFO 6808 --- [           main] com.zaxxer.hikari.HikariDataSource       : HikariPool-2 - Starting...
2025-09-09 13:34:20.385  INFO 6808 --- [           main] com.zaxxer.hikari.HikariDataSource       : HikariPool-2 - Start completed.
2025-09-09 13:34:20.400  INFO 6808 --- [           main] o.hibernate.jpa.internal.util.LogHelper  : HHH000204: Processing PersistenceUnitInfo [name: default]
2025-09-09 13:34:20.403  INFO 6808 --- [           main] org.hibernate.dialect.Dialect            : HHH000400: Using dialect: org.hibernate.dialect.H2Dialect
2025-09-09 13:34:20.450  INFO 6808 --- [           main] o.h.e.t.j.p.i.JtaPlatformInitiator       : HHH000490: Using JtaPlatform implementation: [org.hibernate.engine.transaction.jta.platform.internal.NoJtaPlatform]
2025-09-09 13:34:20.451  INFO 6808 --- [           main] j.LocalContainerEntityManagerFactoryBean : Initialized JPA EntityManagerFactory for persistence unit 'default'
2025-09-09 13:34:20.920  INFO 6808 --- [           main] o.s.s.c.ThreadPoolTaskScheduler          : Initializing ExecutorService 'taskScheduler'
2025-09-09 13:34:20.934  INFO 6808 --- [           main] o.s.b.a.e.web.EndpointLinksResolver      : Exposing 4 endpoint(s) beneath base path '/actuator'
2025-09-09 13:34:20.957  INFO 6808 --- [           main] c.c.challenge.services.TaskServiceTest   : Started TaskServiceTest in 5.935 seconds (JVM running for 17.218)
]]></system-out>
  </testcase>
  <testcase name="counterTaskCompletes" classname="com.celonis.challenge.services.TaskServiceTest" time="2.117"/>
</testsuite>